Using Eigen for Matmul
Doing BaseOT ...
using silent ot pack
using silent ot pack
using silent ot pack
using silent ot pack
using silent ot pack
using silent ot pack
using silent ot pack
using silent ot pack
using silent ot pack
using silent ot pack
using silent ot pack
using silent ot pack
using silent ot pack
using silent ot pack
using silent ot pack
using silent ot pack
After one-time setup, communication
Thread i = 0, total data sent till now = 1997707
Thread i = 1, total data sent till now = 1726247
Thread i = 2, total data sent till now = 1726247
Thread i = 3, total data sent till now = 1726247
Thread i = 4, total data sent till now = 1726247
Thread i = 5, total data sent till now = 1726247
Thread i = 6, total data sent till now = 1726247
Thread i = 7, total data sent till now = 1726247
Thread i = 8, total data sent till now = 1726247
Thread i = 9, total data sent till now = 1726247
Thread i = 10, total data sent till now = 1726247
Thread i = 11, total data sent till now = 1726247
Thread i = 12, total data sent till now = 1726247
Thread i = 13, total data sent till now = 1726247
Thread i = 14, total data sent till now = 1726247
Thread i = 15, total data sent till now = 1726247
-----------Syncronizing-----------
secret_share_mod: 137438953472 bitlength: 37
backend: Ring-SilentOT-Cheetah
-----------Syncronized - now starting execution-----------
HomConv #1 called N=1, H=230, W=230, CI=3, FH=7, FW=7, CO=64, S=2, Padding VALID (0 0 0 0)

Stage: HE-CONV
  [time] TOTAL                       952.156 ms
  [io]   CONV sent                   2.85758 MiB
Time in sec for current conv = [0.952] sent [2.85758] MB
Maxpool 1 called N=1, H=56, W=56, C=64, ksizeH=3, ksizeW=3
Time in sec for current maxpool = 1.183
Truncate #1 on 200704 points by 12 bits
HomBN #1 on shape [64, 56, 56]
Time in sec for current BN = [0.09] sent [3.81031] MB

Stage: ReLU+Rq
Relu #1 on 200704 points, truncate=1 by 12 bits
Mill dotrunc 1 on 16 bits using b = 4
Mill dotrunc 1 on 16 bits using b = 4
Mill dotrunc 1 on 16 bits using b = 4
Mill dotrunc 1 on 16 bits using b = 4
Mill dotrunc 1 on 16 bits using b = 4
Mill dotrunc 1 on 16 bits using b = 4
Mill dotrunc 1 on 16 bits using b = 4
Mill dotrunc 1 on 16 bits using b = 4
Mill dotrunc 1 on 16 bits using b = 4
Mill dotrunc 1 on 16 bits using b = 4
Mill dotrunc 1 on 16 bits using b = 4
Mill dotrunc 1 on 16 bits using b = 4
Mill dotrunc 1 on 16 bits using b = 4
Mill dotrunc 1 on 16 bits using b = 4
Mill dotrunc 1 on 16 bits using b = 4
Mill dotrunc 1 on 16 bits using b = 4
Time in sec for current relu = 0.083
  [time] TOTAL                       87.8554 ms
HomConv #2 called N=1, H=56, W=56, CI=64, FH=1, FW=1, CO=256, S=1, Padding VALID (0 0 0 0)

Stage: HE-CONV
  [time] TOTAL                       360.884 ms
  [io]   CONV sent                   3.81 MiB
Time in sec for current conv = [0.361] sent [3.81] MB
HomConv #3 called N=1, H=56, W=56, CI=64, FH=1, FW=1, CO=64, S=1, Padding VALID (0 0 0 0)

Stage: HE-CONV
  [time] TOTAL                       114.455 ms
  [io]   CONV sent                   3.81017 MiB
Time in sec for current conv = [0.114] sent [3.81017] MB

Stage: ReLU+Rq
Relu #3 on 200704 points, truncate=1 by 12 bits
Mill dotrunc 1 on 16 bits using b = 4
Mill dotrunc 1 on 16 bits using b = 4
Mill dotrunc 1 on 16 bits using b = 4
Mill dotrunc 1 on 16 bits using b = 4
Mill dotrunc 1 on 16 bits using b = 4
Mill dotrunc 1 on 16 bits using b = 4
Mill dotrunc 1 on 16 bits using b = 4
Mill dotrunc 1 on 16 bits using b = 4
Mill dotrunc 1 on 16 bits using b = 4
Mill dotrunc 1 on 16 bits using b = 4
Mill dotrunc 1 on 16 bits using b = 4
Mill dotrunc 1 on 16 bits using b = 4
Mill dotrunc 1 on 16 bits using b = 4
Mill dotrunc 1 on 16 bits using b = 4
Mill dotrunc 1 on 16 bits using b = 4
Mill dotrunc 1 on 16 bits using b = 4
Time in sec for current relu = 0.082
  [time] TOTAL                       87.7821 ms
HomConv #4 called N=1, H=56, W=56, CI=64, FH=3, FW=3, CO=64, S=1, Padding SAME (1 1 1 1)

Stage: HE-CONV
  [time] TOTAL                       249.795 ms
  [io]   CONV sent                   3.81017 MiB
Time in sec for current conv = [0.25] sent [3.81017] MB

Stage: ReLU+Rq
Relu #5 on 200704 points, truncate=1 by 12 bits
Mill dotrunc 1 on 16 bits using b = 4
Mill dotrunc 1 on 16 bits using b = 4
Mill dotrunc 1 on 16 bits using b = 4
Mill dotrunc 1 on 16 bits using b = 4
Mill dotrunc 1 on 16 bits using b = 4
Mill dotrunc 1 on 16 bits using b = 4
Mill dotrunc 1 on 16 bits using b = 4
Mill dotrunc 1 on 16 bits using b = 4
Mill dotrunc 1 on 16 bits using b = 4
Mill dotrunc 1 on 16 bits using b = 4
Mill dotrunc 1 on 16 bits using b = 4
Mill dotrunc 1 on 16 bits using b = 4
Mill dotrunc 1 on 16 bits using b = 4
Mill dotrunc 1 on 16 bits using b = 4
Mill dotrunc 1 on 16 bits using b = 4
Mill dotrunc 1 on 16 bits using b = 4
Time in sec for current relu = 0.082
  [time] TOTAL                       87.4046 ms
HomConv #5 called N=1, H=56, W=56, CI=64, FH=1, FW=1, CO=256, S=1, Padding VALID (0 0 0 0)

Stage: HE-CONV
  [time] TOTAL                       327.398 ms
  [io]   CONV sent                   3.8101 MiB
Time in sec for current conv = [0.327] sent [3.8101] MB
Truncate #2 on 802816 points by 12 bits
HomBN #2 on shape [256, 56, 56]
Time in sec for current BN = [0.362] sent [15.2407] MB

Stage: ReLU+Rq
Relu #7 on 802816 points, truncate=1 by 12 bits
Mill dotrunc 1 on 16 bits using b = 4
Mill dotrunc 1 on 16 bits using b = 4
Mill dotrunc 1 on 16 bits using b = 4
Mill dotrunc 1 on 16 bits using b = 4
Mill dotrunc 1 on 16 bits using b = 4
Mill dotrunc 1 on 16 bits using b = 4
Mill dotrunc 1 on 16 bits using b = 4
Mill dotrunc 1 on 16 bits using b = 4
Mill dotrunc 1 on 16 bits using b = 4
Mill dotrunc 1 on 16 bits using b = 4
Mill dotrunc 1 on 16 bits using b = 4
Mill dotrunc 1 on 16 bits using b = 4
Mill dotrunc 1 on 16 bits using b = 4
Mill dotrunc 1 on 16 bits using b = 4
Mill dotrunc 1 on 16 bits using b = 4
Mill dotrunc 1 on 16 bits using b = 4
Time in sec for current relu = 0.319
  [time] TOTAL                       338.507 ms
HomConv #6 called N=1, H=56, W=56, CI=256, FH=1, FW=1, CO=64, S=1, Padding VALID (0 0 0 0)

Stage: HE-CONV
  [time] TOTAL                       299.156 ms
  [io]   CONV sent                   15.2402 MiB
Time in sec for current conv = [0.299] sent [15.2402] MB

Stage: ReLU+Rq
Relu #9 on 200704 points, truncate=1 by 12 bits
Mill dotrunc 1 on 16 bits using b = 4
Mill dotrunc 1 on 16 bits using b = 4
Mill dotrunc 1 on 16 bits using b = 4
Mill dotrunc 1 on 16 bits using b = 4
Mill dotrunc 1 on 16 bits using b = 4
Mill dotrunc 1 on 16 bits using b = 4
Mill dotrunc 1 on 16 bits using b = 4
Mill dotrunc 1 on 16 bits using b = 4
Mill dotrunc 1 on 16 bits using b = 4
Mill dotrunc 1 on 16 bits using b = 4
Mill dotrunc 1 on 16 bits using b = 4
Mill dotrunc 1 on 16 bits using b = 4
Mill dotrunc 1 on 16 bits using b = 4
Mill dotrunc 1 on 16 bits using b = 4
Mill dotrunc 1 on 16 bits using b = 4
Mill dotrunc 1 on 16 bits using b = 4
Time in sec for current relu = 0.084
  [time] TOTAL                       88.4348 ms
HomConv #7 called N=1, H=56, W=56, CI=64, FH=3, FW=3, CO=64, S=1, Padding SAME (1 1 1 1)

Stage: HE-CONV
  [time] TOTAL                       230.471 ms
  [io]   CONV sent                   3.81001 MiB
Time in sec for current conv = [0.23] sent [3.81001] MB

Stage: ReLU+Rq
Relu #11 on 200704 points, truncate=1 by 12 bits
Mill dotrunc 1 on 16 bits using b = 4
Mill dotrunc 1 on 16 bits using b = 4
Mill dotrunc 1 on 16 bits using b = 4
Mill dotrunc 1 on 16 bits using b = 4
Mill dotrunc 1 on 16 bits using b = 4
Mill dotrunc 1 on 16 bits using b = 4
Mill dotrunc 1 on 16 bits using b = 4
Mill dotrunc 1 on 16 bits using b = 4
Mill dotrunc 1 on 16 bits using b = 4
Mill dotrunc 1 on 16 bits using b = 4
Mill dotrunc 1 on 16 bits using b = 4
Mill dotrunc 1 on 16 bits using b = 4
Mill dotrunc 1 on 16 bits using b = 4
Mill dotrunc 1 on 16 bits using b = 4
Mill dotrunc 1 on 16 bits using b = 4
Mill dotrunc 1 on 16 bits using b = 4
Time in sec for current relu = 0.082
  [time] TOTAL                       87.1421 ms
HomConv #8 called N=1, H=56, W=56, CI=64, FH=1, FW=1, CO=256, S=1, Padding VALID (0 0 0 0)

Stage: HE-CONV
  [time] TOTAL                       296.57 ms
  [io]   CONV sent                   3.80994 MiB
Time in sec for current conv = [0.296] sent [3.80994] MB
Truncate #3 on 802816 points by 12 bits
HomBN #3 on shape [256, 56, 56]
Time in sec for current BN = [0.345] sent [15.2401] MB

Stage: ReLU+Rq
Relu #13 on 802816 points, truncate=1 by 12 bits
Mill dotrunc 1 on 16 bits using b = 4
Mill dotrunc 1 on 16 bits using b = 4
Mill dotrunc 1 on 16 bits using b = 4
Mill dotrunc 1 on 16 bits using b = 4
Mill dotrunc 1 on 16 bits using b = 4
Mill dotrunc 1 on 16 bits using b = 4
Mill dotrunc 1 on 16 bits using b = 4
Mill dotrunc 1 on 16 bits using b = 4
Mill dotrunc 1 on 16 bits using b = 4
Mill dotrunc 1 on 16 bits using b = 4
Mill dotrunc 1 on 16 bits using b = 4
Mill dotrunc 1 on 16 bits using b = 4
Mill dotrunc 1 on 16 bits using b = 4
Mill dotrunc 1 on 16 bits using b = 4
Mill dotrunc 1 on 16 bits using b = 4
Mill dotrunc 1 on 16 bits using b = 4
Time in sec for current relu = 0.306
  [time] TOTAL                       325.068 ms
HomConv #9 called N=1, H=56, W=56, CI=256, FH=1, FW=1, CO=64, S=1, Padding VALID (0 0 0 0)

Stage: HE-CONV
  [time] TOTAL                       298.384 ms
  [io]   CONV sent                   15.2403 MiB
Time in sec for current conv = [0.298] sent [15.2403] MB

Stage: ReLU+Rq
Relu #15 on 200704 points, truncate=1 by 12 bits
Mill dotrunc 1 on 16 bits using b = 4
Mill dotrunc 1 on 16 bits using b = 4
Mill dotrunc 1 on 16 bits using b = 4
Mill dotrunc 1 on 16 bits using b = 4
Mill dotrunc 1 on 16 bits using b = 4
Mill dotrunc 1 on 16 bits using b = 4
Mill dotrunc 1 on 16 bits using b = 4
Mill dotrunc 1 on 16 bits using b = 4
Mill dotrunc 1 on 16 bits using b = 4
Mill dotrunc 1 on 16 bits using b = 4
Mill dotrunc 1 on 16 bits using b = 4
Mill dotrunc 1 on 16 bits using b = 4
Mill dotrunc 1 on 16 bits using b = 4
Mill dotrunc 1 on 16 bits using b = 4
Mill dotrunc 1 on 16 bits using b = 4
Mill dotrunc 1 on 16 bits using b = 4
Time in sec for current relu = 0.084
  [time] TOTAL                       88.9136 ms
HomConv #10 called N=1, H=56, W=56, CI=64, FH=3, FW=3, CO=64, S=1, Padding SAME (1 1 1 1)

Stage: HE-CONV
  [time] TOTAL                       226.171 ms
  [io]   CONV sent                   3.81005 MiB
Time in sec for current conv = [0.226] sent [3.81005] MB

Stage: ReLU+Rq
Relu #17 on 200704 points, truncate=1 by 12 bits
Mill dotrunc 1 on 16 bits using b = 4
Mill dotrunc 1 on 16 bits using b = 4
Mill dotrunc 1 on 16 bits using b = 4
Mill dotrunc 1 on 16 bits using b = 4
Mill dotrunc 1 on 16 bits using b = 4
Mill dotrunc 1 on 16 bits using b = 4
Mill dotrunc 1 on 16 bits using b = 4
Mill dotrunc 1 on 16 bits using b = 4
Mill dotrunc 1 on 16 bits using b = 4
Mill dotrunc 1 on 16 bits using b = 4
Mill dotrunc 1 on 16 bits using b = 4
Mill dotrunc 1 on 16 bits using b = 4
Mill dotrunc 1 on 16 bits using b = 4
Mill dotrunc 1 on 16 bits using b = 4
Mill dotrunc 1 on 16 bits using b = 4
Mill dotrunc 1 on 16 bits using b = 4
Time in sec for current relu = 0.082
  [time] TOTAL                       87.0446 ms
HomConv #11 called N=1, H=56, W=56, CI=64, FH=1, FW=1, CO=256, S=1, Padding VALID (0 0 0 0)

Stage: HE-CONV
  [time] TOTAL                       297.376 ms
  [io]   CONV sent                   3.80991 MiB
Time in sec for current conv = [0.297] sent [3.80991] MB
Truncate #4 on 802816 points by 12 bits
HomBN #4 on shape [256, 56, 56]
Time in sec for current BN = [0.348] sent [15.24] MB

Stage: ReLU+Rq
Relu #19 on 802816 points, truncate=1 by 12 bits
Mill dotrunc 1 on 16 bits using b = 4
Mill dotrunc 1 on 16 bits using b = 4
Mill dotrunc 1 on 16 bits using b = 4
Mill dotrunc 1 on 16 bits using b = 4
Mill dotrunc 1 on 16 bits using b = 4
Mill dotrunc 1 on 16 bits using b = 4
Mill dotrunc 1 on 16 bits using b = 4
Mill dotrunc 1 on 16 bits using b = 4
Mill dotrunc 1 on 16 bits using b = 4
Mill dotrunc 1 on 16 bits using b = 4
Mill dotrunc 1 on 16 bits using b = 4
Mill dotrunc 1 on 16 bits using b = 4
Mill dotrunc 1 on 16 bits using b = 4
Mill dotrunc 1 on 16 bits using b = 4
Mill dotrunc 1 on 16 bits using b = 4
Mill dotrunc 1 on 16 bits using b = 4
Time in sec for current relu = 2.833
  [time] TOTAL                       2851.25 ms
HomConv #12 called N=1, H=56, W=56, CI=256, FH=1, FW=1, CO=512, S=2, Padding VALID (0 0 0 0)

Stage: HE-CONV
  [time] TOTAL                       1239.2 ms
  [io]   CONV sent                   3.09562 MiB
Time in sec for current conv = [1.24] sent [3.09562] MB
HomConv #13 called N=1, H=56, W=56, CI=256, FH=1, FW=1, CO=128, S=1, Padding VALID (0 0 0 0)

Stage: HE-CONV
  [time] TOTAL                       417.149 ms
  [io]   CONV sent                   15.2403 MiB
Time in sec for current conv = [0.417] sent [15.2403] MB

Stage: ReLU+Rq
Relu #21 on 401408 points, truncate=1 by 12 bits
Mill dotrunc 1 on 16 bits using b = 4
Mill dotrunc 1 on 16 bits using b = 4
Mill dotrunc 1 on 16 bits using b = 4
Mill dotrunc 1 on 16 bits using b = 4
Mill dotrunc 1 on 16 bits using b = 4
Mill dotrunc 1 on 16 bits using b = 4
Mill dotrunc 1 on 16 bits using b = 4
Mill dotrunc 1 on 16 bits using b = 4
Mill dotrunc 1 on 16 bits using b = 4
Mill dotrunc 1 on 16 bits using b = 4
Mill dotrunc 1 on 16 bits using b = 4
Mill dotrunc 1 on 16 bits using b = 4
Mill dotrunc 1 on 16 bits using b = 4
Mill dotrunc 1 on 16 bits using b = 4
Mill dotrunc 1 on 16 bits using b = 4
Mill dotrunc 1 on 16 bits using b = 4
Time in sec for current relu = 0.164
  [time] TOTAL                       173.453 ms
HomConv #14 called N=1, H=58, W=58, CI=128, FH=3, FW=3, CO=128, S=2, Padding VALID (0 0 0 0)

Stage: HE-CONV
  [time] TOTAL                       697.596 ms
  [io]   CONV sent                   7.62043 MiB
Time in sec for current conv = [0.698] sent [7.62043] MB

Stage: ReLU+Rq
Relu #23 on 100352 points, truncate=1 by 12 bits
Mill dotrunc 1 on 16 bits using b = 4
Mill dotrunc 1 on 16 bits using b = 4
Mill dotrunc 1 on 16 bits using b = 4
Mill dotrunc 1 on 16 bits using b = 4
Mill dotrunc 1 on 16 bits using b = 4
Mill dotrunc 1 on 16 bits using b = 4
Mill dotrunc 1 on 16 bits using b = 4
Mill dotrunc 1 on 16 bits using b = 4
Mill dotrunc 1 on 16 bits using b = 4
Mill dotrunc 1 on 16 bits using b = 4
Mill dotrunc 1 on 16 bits using b = 4
Mill dotrunc 1 on 16 bits using b = 4
Mill dotrunc 1 on 16 bits using b = 4
Mill dotrunc 1 on 16 bits using b = 4
Mill dotrunc 1 on 16 bits using b = 4
Mill dotrunc 1 on 16 bits using b = 4
Time in sec for current relu = 0.041
  [time] TOTAL                       44.5589 ms
HomConv #15 called N=1, H=28, W=28, CI=128, FH=1, FW=1, CO=512, S=1, Padding VALID (0 0 0 0)

Stage: HE-CONV
  [time] TOTAL                       625.767 ms
  [io]   CONV sent                   1.54767 MiB
Time in sec for current conv = [0.626] sent [1.54767] MB
Truncate #5 on 401408 points by 12 bits
HomBN #1 via element-wise mult on 401408 points

Stage: ReLU+Rq
Relu #25 on 401408 points, truncate=1 by 12 bits
Mill dotrunc 1 on 16 bits using b = 4
Mill dotrunc 1 on 16 bits using b = 4
Mill dotrunc 1 on 16 bits using b = 4
Mill dotrunc 1 on 16 bits using b = 4
Mill dotrunc 1 on 16 bits using b = 4
Mill dotrunc 1 on 16 bits using b = 4
Mill dotrunc 1 on 16 bits using b = 4
Mill dotrunc 1 on 16 bits using b = 4
Mill dotrunc 1 on 16 bits using b = 4
Mill dotrunc 1 on 16 bits using b = 4
Mill dotrunc 1 on 16 bits using b = 4
Mill dotrunc 1 on 16 bits using b = 4
Mill dotrunc 1 on 16 bits using b = 4
Mill dotrunc 1 on 16 bits using b = 4
Mill dotrunc 1 on 16 bits using b = 4
Mill dotrunc 1 on 16 bits using b = 4
Time in sec for current relu = 0.163
  [time] TOTAL                       172.498 ms
HomConv #16 called N=1, H=28, W=28, CI=512, FH=1, FW=1, CO=128, S=1, Padding VALID (0 0 0 0)

Stage: HE-CONV
  [time] TOTAL                       529.431 ms
  [io]   CONV sent                   6.13184 MiB
Time in sec for current conv = [0.529] sent [6.13184] MB

Stage: ReLU+Rq
Relu #27 on 100352 points, truncate=1 by 12 bits
Mill dotrunc 1 on 16 bits using b = 4
Mill dotrunc 1 on 16 bits using b = 4
Mill dotrunc 1 on 16 bits using b = 4
Mill dotrunc 1 on 16 bits using b = 4
Mill dotrunc 1 on 16 bits using b = 4
Mill dotrunc 1 on 16 bits using b = 4
Mill dotrunc 1 on 16 bits using b = 4
Mill dotrunc 1 on 16 bits using b = 4
Mill dotrunc 1 on 16 bits using b = 4
Mill dotrunc 1 on 16 bits using b = 4
Mill dotrunc 1 on 16 bits using b = 4
Mill dotrunc 1 on 16 bits using b = 4
Mill dotrunc 1 on 16 bits using b = 4
Mill dotrunc 1 on 16 bits using b = 4
Mill dotrunc 1 on 16 bits using b = 4
Mill dotrunc 1 on 16 bits using b = 4
Time in sec for current relu = 0.041
  [time] TOTAL                       44.6647 ms
HomConv #17 called N=1, H=28, W=28, CI=128, FH=3, FW=3, CO=128, S=1, Padding SAME (1 1 1 1)

Stage: HE-CONV
  [time] TOTAL                       202.655 ms
  [io]   CONV sent                   1.90505 MiB
Time in sec for current conv = [0.203] sent [1.90505] MB
Truncate #6 on 100352 points by 12 bits
HomBN #2 via element-wise mult on 100352 points

Stage: ReLU+Rq
Relu #29 on 100352 points, truncate=1 by 12 bits
Mill dotrunc 1 on 16 bits using b = 4
Mill dotrunc 1 on 16 bits using b = 4
Mill dotrunc 1 on 16 bits using b = 4
Mill dotrunc 1 on 16 bits using b = 4
Mill dotrunc 1 on 16 bits using b = 4
Mill dotrunc 1 on 16 bits using b = 4
Mill dotrunc 1 on 16 bits using b = 4
Mill dotrunc 1 on 16 bits using b = 4
Mill dotrunc 1 on 16 bits using b = 4
Mill dotrunc 1 on 16 bits using b = 4
Mill dotrunc 1 on 16 bits using b = 4
Mill dotrunc 1 on 16 bits using b = 4
Mill dotrunc 1 on 16 bits using b = 4
Mill dotrunc 1 on 16 bits using b = 4
Mill dotrunc 1 on 16 bits using b = 4
Mill dotrunc 1 on 16 bits using b = 4
Time in sec for current relu = 0.041
  [time] TOTAL                       44.0871 ms
HomConv #18 called N=1, H=28, W=28, CI=128, FH=1, FW=1, CO=512, S=1, Padding VALID (0 0 0 0)

Stage: HE-CONV
  [time] TOTAL                       648.121 ms
  [io]   CONV sent                   1.54788 MiB
Time in sec for current conv = [0.648] sent [1.54788] MB
Truncate #7 on 401408 points by 12 bits
HomBN #3 via element-wise mult on 401408 points

Stage: ReLU+Rq
Relu #31 on 401408 points, truncate=1 by 12 bits
Mill dotrunc 1 on 16 bits using b = 4
Mill dotrunc 1 on 16 bits using b = 4
Mill dotrunc 1 on 16 bits using b = 4
Mill dotrunc 1 on 16 bits using b = 4
Mill dotrunc 1 on 16 bits using b = 4
Mill dotrunc 1 on 16 bits using b = 4
Mill dotrunc 1 on 16 bits using b = 4
Mill dotrunc 1 on 16 bits using b = 4
Mill dotrunc 1 on 16 bits using b = 4
Mill dotrunc 1 on 16 bits using b = 4
Mill dotrunc 1 on 16 bits using b = 4
Mill dotrunc 1 on 16 bits using b = 4
Mill dotrunc 1 on 16 bits using b = 4
Mill dotrunc 1 on 16 bits using b = 4
Mill dotrunc 1 on 16 bits using b = 4
Mill dotrunc 1 on 16 bits using b = 4
Time in sec for current relu = 0.162
  [time] TOTAL                       170.911 ms
HomConv #19 called N=1, H=28, W=28, CI=512, FH=1, FW=1, CO=128, S=1, Padding VALID (0 0 0 0)

Stage: HE-CONV
  [time] TOTAL                       542.489 ms
  [io]   CONV sent                   6.13151 MiB
Time in sec for current conv = [0.543] sent [6.13151] MB

Stage: ReLU+Rq
Relu #33 on 100352 points, truncate=1 by 12 bits
Mill dotrunc 1 on 16 bits using b = 4
Mill dotrunc 1 on 16 bits using b = 4
Mill dotrunc 1 on 16 bits using b = 4
Mill dotrunc 1 on 16 bits using b = 4
Mill dotrunc 1 on 16 bits using b = 4
Mill dotrunc 1 on 16 bits using b = 4
Mill dotrunc 1 on 16 bits using b = 4
Mill dotrunc 1 on 16 bits using b = 4
Mill dotrunc 1 on 16 bits using b = 4
Mill dotrunc 1 on 16 bits using b = 4
Mill dotrunc 1 on 16 bits using b = 4
Mill dotrunc 1 on 16 bits using b = 4
Mill dotrunc 1 on 16 bits using b = 4
Mill dotrunc 1 on 16 bits using b = 4
Mill dotrunc 1 on 16 bits using b = 4
Mill dotrunc 1 on 16 bits using b = 4
Time in sec for current relu = 0.041
  [time] TOTAL                       44.3128 ms
HomConv #20 called N=1, H=28, W=28, CI=128, FH=3, FW=3, CO=128, S=1, Padding SAME (1 1 1 1)

Stage: HE-CONV
  [time] TOTAL                       208.828 ms
  [io]   CONV sent                   1.90486 MiB
Time in sec for current conv = [0.209] sent [1.90486] MB

Stage: ReLU+Rq
Relu #35 on 100352 points, truncate=1 by 12 bits
Mill dotrunc 1 on 16 bits using b = 4
Mill dotrunc 1 on 16 bits using b = 4
Mill dotrunc 1 on 16 bits using b = 4
Mill dotrunc 1 on 16 bits using b = 4
Mill dotrunc 1 on 16 bits using b = 4
Mill dotrunc 1 on 16 bits using b = 4
Mill dotrunc 1 on 16 bits using b = 4
Mill dotrunc 1 on 16 bits using b = 4
Mill dotrunc 1 on 16 bits using b = 4
Mill dotrunc 1 on 16 bits using b = 4
Mill dotrunc 1 on 16 bits using b = 4
Mill dotrunc 1 on 16 bits using b = 4
Mill dotrunc 1 on 16 bits using b = 4
Mill dotrunc 1 on 16 bits using b = 4
Mill dotrunc 1 on 16 bits using b = 4
Mill dotrunc 1 on 16 bits using b = 4
Time in sec for current relu = 0.041
  [time] TOTAL                       44.0242 ms
HomConv #21 called N=1, H=28, W=28, CI=128, FH=1, FW=1, CO=512, S=1, Padding VALID (0 0 0 0)

Stage: HE-CONV
  [time] TOTAL                       651.223 ms
  [io]   CONV sent                   1.54782 MiB
Time in sec for current conv = [0.651] sent [1.54782] MB
Truncate #8 on 401408 points by 12 bits
HomBN #4 via element-wise mult on 401408 points

Stage: ReLU+Rq
Relu #37 on 401408 points, truncate=1 by 12 bits
Mill dotrunc 1 on 16 bits using b = 4
Mill dotrunc 1 on 16 bits using b = 4
Mill dotrunc 1 on 16 bits using b = 4
Mill dotrunc 1 on 16 bits using b = 4
Mill dotrunc 1 on 16 bits using b = 4
Mill dotrunc 1 on 16 bits using b = 4
Mill dotrunc 1 on 16 bits using b = 4
Mill dotrunc 1 on 16 bits using b = 4
Mill dotrunc 1 on 16 bits using b = 4
Mill dotrunc 1 on 16 bits using b = 4
Mill dotrunc 1 on 16 bits using b = 4
Mill dotrunc 1 on 16 bits using b = 4
Mill dotrunc 1 on 16 bits using b = 4
Mill dotrunc 1 on 16 bits using b = 4
Mill dotrunc 1 on 16 bits using b = 4
Mill dotrunc 1 on 16 bits using b = 4
Time in sec for current relu = 0.16
  [time] TOTAL                       169.55 ms
HomConv #22 called N=1, H=28, W=28, CI=512, FH=1, FW=1, CO=128, S=1, Padding VALID (0 0 0 0)

Stage: HE-CONV
  [time] TOTAL                       552.624 ms
  [io]   CONV sent                   6.13166 MiB
Time in sec for current conv = [0.553] sent [6.13166] MB

Stage: ReLU+Rq
Relu #39 on 100352 points, truncate=1 by 12 bits
Mill dotrunc 1 on 16 bits using b = 4
Mill dotrunc 1 on 16 bits using b = 4
Mill dotrunc 1 on 16 bits using b = 4
Mill dotrunc 1 on 16 bits using b = 4
Mill dotrunc 1 on 16 bits using b = 4
Mill dotrunc 1 on 16 bits using b = 4
Mill dotrunc 1 on 16 bits using b = 4
Mill dotrunc 1 on 16 bits using b = 4
Mill dotrunc 1 on 16 bits using b = 4
Mill dotrunc 1 on 16 bits using b = 4
Mill dotrunc 1 on 16 bits using b = 4
Mill dotrunc 1 on 16 bits using b = 4
Mill dotrunc 1 on 16 bits using b = 4
Mill dotrunc 1 on 16 bits using b = 4
Mill dotrunc 1 on 16 bits using b = 4
Mill dotrunc 1 on 16 bits using b = 4
Time in sec for current relu = 0.041
  [time] TOTAL                       44.3726 ms
HomConv #23 called N=1, H=28, W=28, CI=128, FH=3, FW=3, CO=128, S=1, Padding SAME (1 1 1 1)

Stage: HE-CONV
  [time] TOTAL                       231.041 ms
  [io]   CONV sent                   1.90514 MiB
Time in sec for current conv = [0.232] sent [1.90514] MB

Stage: ReLU+Rq
Relu #41 on 100352 points, truncate=1 by 12 bits
Mill dotrunc 1 on 16 bits using b = 4
Mill dotrunc 1 on 16 bits using b = 4
Mill dotrunc 1 on 16 bits using b = 4
Mill dotrunc 1 on 16 bits using b = 4
Mill dotrunc 1 on 16 bits using b = 4
Mill dotrunc 1 on 16 bits using b = 4
Mill dotrunc 1 on 16 bits using b = 4
Mill dotrunc 1 on 16 bits using b = 4
Mill dotrunc 1 on 16 bits using b = 4
Mill dotrunc 1 on 16 bits using b = 4
Mill dotrunc 1 on 16 bits using b = 4
Mill dotrunc 1 on 16 bits using b = 4
Mill dotrunc 1 on 16 bits using b = 4
Mill dotrunc 1 on 16 bits using b = 4
Mill dotrunc 1 on 16 bits using b = 4
Mill dotrunc 1 on 16 bits using b = 4
Time in sec for current relu = 0.041
  [time] TOTAL                       44.4074 ms
HomConv #24 called N=1, H=28, W=28, CI=128, FH=1, FW=1, CO=512, S=1, Padding VALID (0 0 0 0)

Stage: HE-CONV
  [time] TOTAL                       642.42 ms
  [io]   CONV sent                   1.5478 MiB
Time in sec for current conv = [0.643] sent [1.5478] MB
Truncate #9 on 401408 points by 12 bits
HomBN #5 via element-wise mult on 401408 points

Stage: ReLU+Rq
Relu #43 on 401408 points, truncate=1 by 12 bits
Mill dotrunc 1 on 16 bits using b = 4
Mill dotrunc 1 on 16 bits using b = 4
Mill dotrunc 1 on 16 bits using b = 4
Mill dotrunc 1 on 16 bits using b = 4
Mill dotrunc 1 on 16 bits using b = 4
Mill dotrunc 1 on 16 bits using b = 4
Mill dotrunc 1 on 16 bits using b = 4
Mill dotrunc 1 on 16 bits using b = 4
Mill dotrunc 1 on 16 bits using b = 4
Mill dotrunc 1 on 16 bits using b = 4
Mill dotrunc 1 on 16 bits using b = 4
Mill dotrunc 1 on 16 bits using b = 4
Mill dotrunc 1 on 16 bits using b = 4
Mill dotrunc 1 on 16 bits using b = 4
Mill dotrunc 1 on 16 bits using b = 4
Mill dotrunc 1 on 16 bits using b = 4
Time in sec for current relu = 0.162
  [time] TOTAL                       171.64 ms
HomConv #25 called N=1, H=28, W=28, CI=512, FH=1, FW=1, CO=1024, S=2, Padding VALID (0 0 0 0)

Stage: HE-CONV
  [time] TOTAL                       1229.45 ms
  [io]   CONV sent                   1.54777 MiB
Time in sec for current conv = [1.234] sent [1.54777] MB
HomConv #26 called N=1, H=28, W=28, CI=512, FH=1, FW=1, CO=256, S=1, Padding VALID (0 0 0 0)

Stage: HE-CONV
  [time] TOTAL                       978.905 ms
  [io]   CONV sent                   6.13178 MiB
Time in sec for current conv = [0.979] sent [6.13178] MB

Stage: ReLU+Rq
Relu #45 on 200704 points, truncate=1 by 12 bits
Mill dotrunc 1 on 16 bits using b = 4
Mill dotrunc 1 on 16 bits using b = 4
Mill dotrunc 1 on 16 bits using b = 4
Mill dotrunc 1 on 16 bits using b = 4
Mill dotrunc 1 on 16 bits using b = 4
Mill dotrunc 1 on 16 bits using b = 4
Mill dotrunc 1 on 16 bits using b = 4
Mill dotrunc 1 on 16 bits using b = 4
Mill dotrunc 1 on 16 bits using b = 4
Mill dotrunc 1 on 16 bits using b = 4
Mill dotrunc 1 on 16 bits using b = 4
Mill dotrunc 1 on 16 bits using b = 4
Mill dotrunc 1 on 16 bits using b = 4
Mill dotrunc 1 on 16 bits using b = 4
Mill dotrunc 1 on 16 bits using b = 4
Mill dotrunc 1 on 16 bits using b = 4
Time in sec for current relu = 0.081
  [time] TOTAL                       85.8207 ms
HomConv #27 called N=1, H=30, W=30, CI=256, FH=3, FW=3, CO=256, S=2, Padding VALID (0 0 0 0)

Stage: HE-CONV
  [time] TOTAL                       686.837 ms
  [io]   CONV sent                   3.81024 MiB
Time in sec for current conv = [0.691] sent [3.81024] MB

Stage: ReLU+Rq
Relu #47 on 50176 points, truncate=1 by 12 bits
Mill dotrunc 1 on 16 bits using b = 4
Mill dotrunc 1 on 16 bits using b = 4
Mill dotrunc 1 on 16 bits using b = 4
Mill dotrunc 1 on 16 bits using b = 4
Mill dotrunc 1 on 16 bits using b = 4
Mill dotrunc 1 on 16 bits using b = 4
Mill dotrunc 1 on 16 bits using b = 4
Mill dotrunc 1 on 16 bits using b = 4
Mill dotrunc 1 on 16 bits using b = 4
Mill dotrunc 1 on 16 bits using b = 4
Mill dotrunc 1 on 16 bits using b = 4
Mill dotrunc 1 on 16 bits using b = 4
Mill dotrunc 1 on 16 bits using b = 4
Mill dotrunc 1 on 16 bits using b = 4
Mill dotrunc 1 on 16 bits using b = 4
Mill dotrunc 1 on 16 bits using b = 4
Time in sec for current relu = 0.021
  [time] TOTAL                       23.4622 ms
HomConv #28 called N=1, H=14, W=14, CI=256, FH=1, FW=1, CO=1024, S=1, Padding VALID (0 0 0 0)

Stage: HE-CONV
  [time] TOTAL                       741.828 ms
  [io]   CONV sent                   0.773906 MiB
Time in sec for current conv = [0.744] sent [0.773906] MB
Truncate #10 on 200704 points by 12 bits
HomBN #6 via element-wise mult on 200704 points

Stage: ReLU+Rq
Relu #49 on 200704 points, truncate=1 by 12 bits
Mill dotrunc 1 on 16 bits using b = 4
Mill dotrunc 1 on 16 bits using b = 4
Mill dotrunc 1 on 16 bits using b = 4
Mill dotrunc 1 on 16 bits using b = 4
Mill dotrunc 1 on 16 bits using b = 4
Mill dotrunc 1 on 16 bits using b = 4
Mill dotrunc 1 on 16 bits using b = 4
Mill dotrunc 1 on 16 bits using b = 4
Mill dotrunc 1 on 16 bits using b = 4
Mill dotrunc 1 on 16 bits using b = 4
Mill dotrunc 1 on 16 bits using b = 4
Mill dotrunc 1 on 16 bits using b = 4
Mill dotrunc 1 on 16 bits using b = 4
Mill dotrunc 1 on 16 bits using b = 4
Mill dotrunc 1 on 16 bits using b = 4
Mill dotrunc 1 on 16 bits using b = 4
Time in sec for current relu = 0.081
  [time] TOTAL                       85.7237 ms
HomConv #29 called N=1, H=14, W=14, CI=1024, FH=1, FW=1, CO=256, S=1, Padding VALID (0 0 0 0)

Stage: HE-CONV
  [time] TOTAL                       546.546 ms
  [io]   CONV sent                   3.09562 MiB
Time in sec for current conv = [0.548] sent [3.09562] MB

Stage: ReLU+Rq
Relu #51 on 50176 points, truncate=1 by 12 bits
Mill dotrunc 1 on 16 bits using b = 4
Mill dotrunc 1 on 16 bits using b = 4
Mill dotrunc 1 on 16 bits using b = 4
Mill dotrunc 1 on 16 bits using b = 4
Mill dotrunc 1 on 16 bits using b = 4
Mill dotrunc 1 on 16 bits using b = 4
Mill dotrunc 1 on 16 bits using b = 4
Mill dotrunc 1 on 16 bits using b = 4
Mill dotrunc 1 on 16 bits using b = 4
Mill dotrunc 1 on 16 bits using b = 4
Mill dotrunc 1 on 16 bits using b = 4
Mill dotrunc 1 on 16 bits using b = 4
Mill dotrunc 1 on 16 bits using b = 4
Mill dotrunc 1 on 16 bits using b = 4
Mill dotrunc 1 on 16 bits using b = 4
Mill dotrunc 1 on 16 bits using b = 4
Time in sec for current relu = 0.021
  [time] TOTAL                       23.359 ms
HomConv #30 called N=1, H=14, W=14, CI=256, FH=3, FW=3, CO=256, S=1, Padding SAME (1 1 1 1)

Stage: HE-CONV
  [time] TOTAL                       262.168 ms
  [io]   CONV sent                   0.952505 MiB
Time in sec for current conv = [0.267] sent [0.952505] MB

Stage: ReLU+Rq
Relu #53 on 50176 points, truncate=1 by 12 bits
Mill dotrunc 1 on 16 bits using b = 4
Mill dotrunc 1 on 16 bits using b = 4
Mill dotrunc 1 on 16 bits using b = 4
Mill dotrunc 1 on 16 bits using b = 4
Mill dotrunc 1 on 16 bits using b = 4
Mill dotrunc 1 on 16 bits using b = 4
Mill dotrunc 1 on 16 bits using b = 4
Mill dotrunc 1 on 16 bits using b = 4
Mill dotrunc 1 on 16 bits using b = 4
Mill dotrunc 1 on 16 bits using b = 4
Mill dotrunc 1 on 16 bits using b = 4
Mill dotrunc 1 on 16 bits using b = 4
Mill dotrunc 1 on 16 bits using b = 4
Mill dotrunc 1 on 16 bits using b = 4
Mill dotrunc 1 on 16 bits using b = 4
Mill dotrunc 1 on 16 bits using b = 4
Time in sec for current relu = 0.021
  [time] TOTAL                       23.3998 ms
HomConv #31 called N=1, H=14, W=14, CI=256, FH=1, FW=1, CO=1024, S=1, Padding VALID (0 0 0 0)

Stage: HE-CONV
  [time] TOTAL                       734.626 ms
  [io]   CONV sent                   0.773936 MiB
Time in sec for current conv = [0.737] sent [0.773936] MB
Truncate #11 on 200704 points by 12 bits
HomBN #7 via element-wise mult on 200704 points

Stage: ReLU+Rq
Relu #55 on 200704 points, truncate=1 by 12 bits
Mill dotrunc 1 on 16 bits using b = 4
Mill dotrunc 1 on 16 bits using b = 4
Mill dotrunc 1 on 16 bits using b = 4
Mill dotrunc 1 on 16 bits using b = 4
Mill dotrunc 1 on 16 bits using b = 4
Mill dotrunc 1 on 16 bits using b = 4
Mill dotrunc 1 on 16 bits using b = 4
Mill dotrunc 1 on 16 bits using b = 4
Mill dotrunc 1 on 16 bits using b = 4
Mill dotrunc 1 on 16 bits using b = 4
Mill dotrunc 1 on 16 bits using b = 4
Mill dotrunc 1 on 16 bits using b = 4
Mill dotrunc 1 on 16 bits using b = 4
Mill dotrunc 1 on 16 bits using b = 4
Mill dotrunc 1 on 16 bits using b = 4
Mill dotrunc 1 on 16 bits using b = 4
Time in sec for current relu = 0.081
  [time] TOTAL                       86.1035 ms
HomConv #32 called N=1, H=14, W=14, CI=1024, FH=1, FW=1, CO=256, S=1, Padding VALID (0 0 0 0)

Stage: HE-CONV
  [time] TOTAL                       565.799 ms
  [io]   CONV sent                   3.09562 MiB
Time in sec for current conv = [0.567] sent [3.09562] MB

Stage: ReLU+Rq
Relu #57 on 50176 points, truncate=1 by 12 bits
Mill dotrunc 1 on 16 bits using b = 4
Mill dotrunc 1 on 16 bits using b = 4
Mill dotrunc 1 on 16 bits using b = 4
Mill dotrunc 1 on 16 bits using b = 4
Mill dotrunc 1 on 16 bits using b = 4
Mill dotrunc 1 on 16 bits using b = 4
Mill dotrunc 1 on 16 bits using b = 4
Mill dotrunc 1 on 16 bits using b = 4
Mill dotrunc 1 on 16 bits using b = 4
Mill dotrunc 1 on 16 bits using b = 4
Mill dotrunc 1 on 16 bits using b = 4
Mill dotrunc 1 on 16 bits using b = 4
Mill dotrunc 1 on 16 bits using b = 4
Mill dotrunc 1 on 16 bits using b = 4
Mill dotrunc 1 on 16 bits using b = 4
Mill dotrunc 1 on 16 bits using b = 4
Time in sec for current relu = 0.021
  [time] TOTAL                       23.2231 ms
HomConv #33 called N=1, H=14, W=14, CI=256, FH=3, FW=3, CO=256, S=1, Padding SAME (1 1 1 1)

Stage: HE-CONV
  [time] TOTAL                       269.286 ms
  [io]   CONV sent                   0.952573 MiB
Time in sec for current conv = [0.273] sent [0.952573] MB

Stage: ReLU+Rq
Relu #59 on 50176 points, truncate=1 by 12 bits
Mill dotrunc 1 on 16 bits using b = 4
Mill dotrunc 1 on 16 bits using b = 4
Mill dotrunc 1 on 16 bits using b = 4
Mill dotrunc 1 on 16 bits using b = 4
Mill dotrunc 1 on 16 bits using b = 4
Mill dotrunc 1 on 16 bits using b = 4
Mill dotrunc 1 on 16 bits using b = 4
Mill dotrunc 1 on 16 bits using b = 4
Mill dotrunc 1 on 16 bits using b = 4
Mill dotrunc 1 on 16 bits using b = 4
Mill dotrunc 1 on 16 bits using b = 4
Mill dotrunc 1 on 16 bits using b = 4
Mill dotrunc 1 on 16 bits using b = 4
Mill dotrunc 1 on 16 bits using b = 4
Mill dotrunc 1 on 16 bits using b = 4
Mill dotrunc 1 on 16 bits using b = 4
Time in sec for current relu = 0.021
  [time] TOTAL                       23.4174 ms
HomConv #34 called N=1, H=14, W=14, CI=256, FH=1, FW=1, CO=1024, S=1, Padding VALID (0 0 0 0)

Stage: HE-CONV
  [time] TOTAL                       754.632 ms
  [io]   CONV sent                   0.773883 MiB
Time in sec for current conv = [0.757] sent [0.773883] MB
Truncate #12 on 200704 points by 12 bits
HomBN #8 via element-wise mult on 200704 points

Stage: ReLU+Rq
Relu #61 on 200704 points, truncate=1 by 12 bits
Mill dotrunc 1 on 16 bits using b = 4
Mill dotrunc 1 on 16 bits using b = 4
Mill dotrunc 1 on 16 bits using b = 4
Mill dotrunc 1 on 16 bits using b = 4
Mill dotrunc 1 on 16 bits using b = 4
Mill dotrunc 1 on 16 bits using b = 4
Mill dotrunc 1 on 16 bits using b = 4
Mill dotrunc 1 on 16 bits using b = 4
Mill dotrunc 1 on 16 bits using b = 4
Mill dotrunc 1 on 16 bits using b = 4
Mill dotrunc 1 on 16 bits using b = 4
Mill dotrunc 1 on 16 bits using b = 4
Mill dotrunc 1 on 16 bits using b = 4
Mill dotrunc 1 on 16 bits using b = 4
Mill dotrunc 1 on 16 bits using b = 4
Mill dotrunc 1 on 16 bits using b = 4
Time in sec for current relu = 0.081
  [time] TOTAL                       85.9048 ms
HomConv #35 called N=1, H=14, W=14, CI=1024, FH=1, FW=1, CO=256, S=1, Padding VALID (0 0 0 0)

Stage: HE-CONV
  [time] TOTAL                       556.188 ms
  [io]   CONV sent                   3.09563 MiB
Time in sec for current conv = [0.558] sent [3.09563] MB

Stage: ReLU+Rq
Relu #63 on 50176 points, truncate=1 by 12 bits
Mill dotrunc 1 on 16 bits using b = 4
Mill dotrunc 1 on 16 bits using b = 4
Mill dotrunc 1 on 16 bits using b = 4
Mill dotrunc 1 on 16 bits using b = 4
Mill dotrunc 1 on 16 bits using b = 4
Mill dotrunc 1 on 16 bits using b = 4
Mill dotrunc 1 on 16 bits using b = 4
Mill dotrunc 1 on 16 bits using b = 4
Mill dotrunc 1 on 16 bits using b = 4
Mill dotrunc 1 on 16 bits using b = 4
Mill dotrunc 1 on 16 bits using b = 4
Mill dotrunc 1 on 16 bits using b = 4
Mill dotrunc 1 on 16 bits using b = 4
Mill dotrunc 1 on 16 bits using b = 4
Mill dotrunc 1 on 16 bits using b = 4
Mill dotrunc 1 on 16 bits using b = 4
Time in sec for current relu = 0.021
  [time] TOTAL                       23.3035 ms
HomConv #36 called N=1, H=14, W=14, CI=256, FH=3, FW=3, CO=256, S=1, Padding SAME (1 1 1 1)

Stage: HE-CONV
  [time] TOTAL                       272.853 ms
  [io]   CONV sent                   0.952598 MiB
Time in sec for current conv = [0.277] sent [0.952598] MB

Stage: ReLU+Rq
Relu #65 on 50176 points, truncate=1 by 12 bits
Mill dotrunc 1 on 16 bits using b = 4
Mill dotrunc 1 on 16 bits using b = 4
Mill dotrunc 1 on 16 bits using b = 4
Mill dotrunc 1 on 16 bits using b = 4
Mill dotrunc 1 on 16 bits using b = 4
Mill dotrunc 1 on 16 bits using b = 4
Mill dotrunc 1 on 16 bits using b = 4
Mill dotrunc 1 on 16 bits using b = 4
Mill dotrunc 1 on 16 bits using b = 4
Mill dotrunc 1 on 16 bits using b = 4
Mill dotrunc 1 on 16 bits using b = 4
Mill dotrunc 1 on 16 bits using b = 4
Mill dotrunc 1 on 16 bits using b = 4
Mill dotrunc 1 on 16 bits using b = 4
Mill dotrunc 1 on 16 bits using b = 4
Mill dotrunc 1 on 16 bits using b = 4
Time in sec for current relu = 0.021
  [time] TOTAL                       23.1729 ms
HomConv #37 called N=1, H=14, W=14, CI=256, FH=1, FW=1, CO=1024, S=1, Padding VALID (0 0 0 0)

Stage: HE-CONV
  [time] TOTAL                       732.572 ms
  [io]   CONV sent                   0.773984 MiB
Time in sec for current conv = [0.735] sent [0.773984] MB
Truncate #13 on 200704 points by 12 bits
HomBN #9 via element-wise mult on 200704 points

Stage: ReLU+Rq
Relu #67 on 200704 points, truncate=1 by 12 bits
Mill dotrunc 1 on 16 bits using b = 4
Mill dotrunc 1 on 16 bits using b = 4
Mill dotrunc 1 on 16 bits using b = 4
Mill dotrunc 1 on 16 bits using b = 4
Mill dotrunc 1 on 16 bits using b = 4
Mill dotrunc 1 on 16 bits using b = 4
Mill dotrunc 1 on 16 bits using b = 4
Mill dotrunc 1 on 16 bits using b = 4
Mill dotrunc 1 on 16 bits using b = 4
Mill dotrunc 1 on 16 bits using b = 4
Mill dotrunc 1 on 16 bits using b = 4
Mill dotrunc 1 on 16 bits using b = 4
Mill dotrunc 1 on 16 bits using b = 4
Mill dotrunc 1 on 16 bits using b = 4
Mill dotrunc 1 on 16 bits using b = 4
Mill dotrunc 1 on 16 bits using b = 4
Time in sec for current relu = 0.081
  [time] TOTAL                       85.4619 ms
HomConv #38 called N=1, H=14, W=14, CI=1024, FH=1, FW=1, CO=256, S=1, Padding VALID (0 0 0 0)

Stage: HE-CONV
  [time] TOTAL                       546.271 ms
  [io]   CONV sent                   3.09582 MiB
Time in sec for current conv = [0.548] sent [3.09582] MB

Stage: ReLU+Rq
Relu #69 on 50176 points, truncate=1 by 12 bits
Mill dotrunc 1 on 16 bits using b = 4
Mill dotrunc 1 on 16 bits using b = 4
Mill dotrunc 1 on 16 bits using b = 4
Mill dotrunc 1 on 16 bits using b = 4
Mill dotrunc 1 on 16 bits using b = 4
Mill dotrunc 1 on 16 bits using b = 4
Mill dotrunc 1 on 16 bits using b = 4
Mill dotrunc 1 on 16 bits using b = 4
Mill dotrunc 1 on 16 bits using b = 4
Mill dotrunc 1 on 16 bits using b = 4
Mill dotrunc 1 on 16 bits using b = 4
Mill dotrunc 1 on 16 bits using b = 4
Mill dotrunc 1 on 16 bits using b = 4
Mill dotrunc 1 on 16 bits using b = 4
Mill dotrunc 1 on 16 bits using b = 4
Mill dotrunc 1 on 16 bits using b = 4
Time in sec for current relu = 0.021
  [time] TOTAL                       23.5978 ms
HomConv #39 called N=1, H=14, W=14, CI=256, FH=3, FW=3, CO=256, S=1, Padding SAME (1 1 1 1)

Stage: HE-CONV
  [time] TOTAL                       270.191 ms
  [io]   CONV sent                   0.952463 MiB
Time in sec for current conv = [0.275] sent [0.952463] MB

Stage: ReLU+Rq
Relu #71 on 50176 points, truncate=1 by 12 bits
Mill dotrunc 1 on 16 bits using b = 4
Mill dotrunc 1 on 16 bits using b = 4
Mill dotrunc 1 on 16 bits using b = 4
Mill dotrunc 1 on 16 bits using b = 4
Mill dotrunc 1 on 16 bits using b = 4
Mill dotrunc 1 on 16 bits using b = 4
Mill dotrunc 1 on 16 bits using b = 4
Mill dotrunc 1 on 16 bits using b = 4
Mill dotrunc 1 on 16 bits using b = 4
Mill dotrunc 1 on 16 bits using b = 4
Mill dotrunc 1 on 16 bits using b = 4
Mill dotrunc 1 on 16 bits using b = 4
Mill dotrunc 1 on 16 bits using b = 4
Mill dotrunc 1 on 16 bits using b = 4
Mill dotrunc 1 on 16 bits using b = 4
Mill dotrunc 1 on 16 bits using b = 4
Time in sec for current relu = 0.021
  [time] TOTAL                       23.3502 ms
HomConv #40 called N=1, H=14, W=14, CI=256, FH=1, FW=1, CO=1024, S=1, Padding VALID (0 0 0 0)

Stage: HE-CONV
  [time] TOTAL                       744.798 ms
  [io]   CONV sent                   0.773945 MiB
Time in sec for current conv = [0.747] sent [0.773945] MB
Truncate #14 on 200704 points by 12 bits
HomBN #10 via element-wise mult on 200704 points

Stage: ReLU+Rq
Relu #73 on 200704 points, truncate=1 by 12 bits
Mill dotrunc 1 on 16 bits using b = 4
Mill dotrunc 1 on 16 bits using b = 4
Mill dotrunc 1 on 16 bits using b = 4
Mill dotrunc 1 on 16 bits using b = 4
Mill dotrunc 1 on 16 bits using b = 4
Mill dotrunc 1 on 16 bits using b = 4
Mill dotrunc 1 on 16 bits using b = 4
Mill dotrunc 1 on 16 bits using b = 4
Mill dotrunc 1 on 16 bits using b = 4
Mill dotrunc 1 on 16 bits using b = 4
Mill dotrunc 1 on 16 bits using b = 4
Mill dotrunc 1 on 16 bits using b = 4
Mill dotrunc 1 on 16 bits using b = 4
Mill dotrunc 1 on 16 bits using b = 4
Mill dotrunc 1 on 16 bits using b = 4
Mill dotrunc 1 on 16 bits using b = 4
Time in sec for current relu = 0.081
  [time] TOTAL                       86.033 ms
HomConv #41 called N=1, H=14, W=14, CI=1024, FH=1, FW=1, CO=256, S=1, Padding VALID (0 0 0 0)

Stage: HE-CONV
  [time] TOTAL                       547.446 ms
  [io]   CONV sent                   3.09575 MiB
Time in sec for current conv = [0.549] sent [3.09575] MB

Stage: ReLU+Rq
Relu #75 on 50176 points, truncate=1 by 12 bits
Mill dotrunc 1 on 16 bits using b = 4
Mill dotrunc 1 on 16 bits using b = 4
Mill dotrunc 1 on 16 bits using b = 4
Mill dotrunc 1 on 16 bits using b = 4
Mill dotrunc 1 on 16 bits using b = 4
Mill dotrunc 1 on 16 bits using b = 4
Mill dotrunc 1 on 16 bits using b = 4
Mill dotrunc 1 on 16 bits using b = 4
Mill dotrunc 1 on 16 bits using b = 4
Mill dotrunc 1 on 16 bits using b = 4
Mill dotrunc 1 on 16 bits using b = 4
Mill dotrunc 1 on 16 bits using b = 4
Mill dotrunc 1 on 16 bits using b = 4
Mill dotrunc 1 on 16 bits using b = 4
Mill dotrunc 1 on 16 bits using b = 4
Mill dotrunc 1 on 16 bits using b = 4
Time in sec for current relu = 0.021
  [time] TOTAL                       23.4542 ms
HomConv #42 called N=1, H=14, W=14, CI=256, FH=3, FW=3, CO=256, S=1, Padding SAME (1 1 1 1)

Stage: HE-CONV
  [time] TOTAL                       263.156 ms
  [io]   CONV sent                   0.952446 MiB
Time in sec for current conv = [0.268] sent [0.952446] MB

Stage: ReLU+Rq
Relu #77 on 50176 points, truncate=1 by 12 bits
Mill dotrunc 1 on 16 bits using b = 4
Mill dotrunc 1 on 16 bits using b = 4
Mill dotrunc 1 on 16 bits using b = 4
Mill dotrunc 1 on 16 bits using b = 4
Mill dotrunc 1 on 16 bits using b = 4
Mill dotrunc 1 on 16 bits using b = 4
Mill dotrunc 1 on 16 bits using b = 4
Mill dotrunc 1 on 16 bits using b = 4
Mill dotrunc 1 on 16 bits using b = 4
Mill dotrunc 1 on 16 bits using b = 4
Mill dotrunc 1 on 16 bits using b = 4
Mill dotrunc 1 on 16 bits using b = 4
Mill dotrunc 1 on 16 bits using b = 4
Mill dotrunc 1 on 16 bits using b = 4
Mill dotrunc 1 on 16 bits using b = 4
Mill dotrunc 1 on 16 bits using b = 4
Time in sec for current relu = 0.021
  [time] TOTAL                       23.2602 ms
HomConv #43 called N=1, H=14, W=14, CI=256, FH=1, FW=1, CO=1024, S=1, Padding VALID (0 0 0 0)

Stage: HE-CONV
  [time] TOTAL                       730.895 ms
  [io]   CONV sent                   0.77384 MiB
Time in sec for current conv = [0.733] sent [0.77384] MB
Truncate #15 on 200704 points by 12 bits
HomBN #11 via element-wise mult on 200704 points

Stage: ReLU+Rq
Relu #79 on 200704 points, truncate=1 by 12 bits
Mill dotrunc 1 on 16 bits using b = 4
Mill dotrunc 1 on 16 bits using b = 4
Mill dotrunc 1 on 16 bits using b = 4
Mill dotrunc 1 on 16 bits using b = 4
Mill dotrunc 1 on 16 bits using b = 4
Mill dotrunc 1 on 16 bits using b = 4
Mill dotrunc 1 on 16 bits using b = 4
Mill dotrunc 1 on 16 bits using b = 4
Mill dotrunc 1 on 16 bits using b = 4
Mill dotrunc 1 on 16 bits using b = 4
Mill dotrunc 1 on 16 bits using b = 4
Mill dotrunc 1 on 16 bits using b = 4
Mill dotrunc 1 on 16 bits using b = 4
Mill dotrunc 1 on 16 bits using b = 4
Mill dotrunc 1 on 16 bits using b = 4
Mill dotrunc 1 on 16 bits using b = 4
Time in sec for current relu = 0.08
  [time] TOTAL                       85.2354 ms
HomConv #44 called N=1, H=14, W=14, CI=1024, FH=1, FW=1, CO=2048, S=2, Padding VALID (0 0 0 0)

Stage: HE-CONV
  [time] TOTAL                       1504.46 ms
  [io]   CONV sent                   0.77395 MiB
Time in sec for current conv = [1.53] sent [0.77395] MB
HomConv #45 called N=1, H=14, W=14, CI=1024, FH=1, FW=1, CO=512, S=1, Padding VALID (0 0 0 0)

Stage: HE-CONV
  [time] TOTAL                       1022.31 ms
  [io]   CONV sent                   3.09558 MiB
Time in sec for current conv = [1.026] sent [3.09558] MB

Stage: ReLU+Rq
Relu #81 on 100352 points, truncate=1 by 12 bits
Mill dotrunc 1 on 16 bits using b = 4
Mill dotrunc 1 on 16 bits using b = 4
Mill dotrunc 1 on 16 bits using b = 4
Mill dotrunc 1 on 16 bits using b = 4
Mill dotrunc 1 on 16 bits using b = 4
Mill dotrunc 1 on 16 bits using b = 4
Mill dotrunc 1 on 16 bits using b = 4
Mill dotrunc 1 on 16 bits using b = 4
Mill dotrunc 1 on 16 bits using b = 4
Mill dotrunc 1 on 16 bits using b = 4
Mill dotrunc 1 on 16 bits using b = 4
Mill dotrunc 1 on 16 bits using b = 4
Mill dotrunc 1 on 16 bits using b = 4
Mill dotrunc 1 on 16 bits using b = 4
Mill dotrunc 1 on 16 bits using b = 4
Mill dotrunc 1 on 16 bits using b = 4
Time in sec for current relu = 0.041
  [time] TOTAL                       44.46 ms
HomConv #46 called N=1, H=16, W=16, CI=512, FH=3, FW=3, CO=512, S=2, Padding VALID (0 0 0 0)

Stage: HE-CONV
  [time] TOTAL                       788.579 ms
  [io]   CONV sent                   1.90519 MiB
Time in sec for current conv = [0.821] sent [1.90519] MB

Stage: ReLU+Rq
Relu #83 on 25088 points, truncate=1 by 12 bits
Mill dotrunc 1 on 16 bits using b = 4
Mill dotrunc 1 on 16 bits using b = 4
Mill dotrunc 1 on 16 bits using b = 4
Mill dotrunc 1 on 16 bits using b = 4
Mill dotrunc 1 on 16 bits using b = 4
Mill dotrunc 1 on 16 bits using b = 4
Mill dotrunc 1 on 16 bits using b = 4
Mill dotrunc 1 on 16 bits using b = 4
Mill dotrunc 1 on 16 bits using b = 4
Mill dotrunc 1 on 16 bits using b = 4
Mill dotrunc 1 on 16 bits using b = 4
Mill dotrunc 1 on 16 bits using b = 4
Mill dotrunc 1 on 16 bits using b = 4
Mill dotrunc 1 on 16 bits using b = 4
Mill dotrunc 1 on 16 bits using b = 4
Mill dotrunc 1 on 16 bits using b = 4
Time in sec for current relu = 0.011
  [time] TOTAL                       12.959 ms
HomConv #47 called N=1, H=7, W=7, CI=512, FH=1, FW=1, CO=2048, S=1, Padding VALID (0 0 0 0)

Stage: HE-CONV
  [time] TOTAL                       1099.26 ms
  [io]   CONV sent                   0.416772 MiB
Time in sec for current conv = [1.112] sent [0.416772] MB
Truncate #16 on 100352 points by 12 bits
HomBN #12 via element-wise mult on 100352 points

Stage: ReLU+Rq
Relu #85 on 100352 points, truncate=1 by 12 bits
Mill dotrunc 1 on 16 bits using b = 4
Mill dotrunc 1 on 16 bits using b = 4
Mill dotrunc 1 on 16 bits using b = 4
Mill dotrunc 1 on 16 bits using b = 4
Mill dotrunc 1 on 16 bits using b = 4
Mill dotrunc 1 on 16 bits using b = 4
Mill dotrunc 1 on 16 bits using b = 4
Mill dotrunc 1 on 16 bits using b = 4
Mill dotrunc 1 on 16 bits using b = 4
Mill dotrunc 1 on 16 bits using b = 4
Mill dotrunc 1 on 16 bits using b = 4
Mill dotrunc 1 on 16 bits using b = 4
Mill dotrunc 1 on 16 bits using b = 4
Mill dotrunc 1 on 16 bits using b = 4
Mill dotrunc 1 on 16 bits using b = 4
Mill dotrunc 1 on 16 bits using b = 4
Time in sec for current relu = 0.041
  [time] TOTAL                       44.6188 ms
HomConv #48 called N=1, H=7, W=7, CI=2048, FH=1, FW=1, CO=512, S=1, Padding VALID (0 0 0 0)

Stage: HE-CONV
  [time] TOTAL                       634.511 ms
  [io]   CONV sent                   1.48822 MiB
Time in sec for current conv = [0.643] sent [1.48822] MB

Stage: ReLU+Rq
Relu #87 on 25088 points, truncate=1 by 12 bits
Mill dotrunc 1 on 16 bits using b = 4
Mill dotrunc 1 on 16 bits using b = 4
Mill dotrunc 1 on 16 bits using b = 4
Mill dotrunc 1 on 16 bits using b = 4
Mill dotrunc 1 on 16 bits using b = 4
Mill dotrunc 1 on 16 bits using b = 4
Mill dotrunc 1 on 16 bits using b = 4
Mill dotrunc 1 on 16 bits using b = 4
Mill dotrunc 1 on 16 bits using b = 4
Mill dotrunc 1 on 16 bits using b = 4
Mill dotrunc 1 on 16 bits using b = 4
Mill dotrunc 1 on 16 bits using b = 4
Mill dotrunc 1 on 16 bits using b = 4
Mill dotrunc 1 on 16 bits using b = 4
Mill dotrunc 1 on 16 bits using b = 4
Mill dotrunc 1 on 16 bits using b = 4
Time in sec for current relu = 0.011
  [time] TOTAL                       12.8096 ms
HomConv #49 called N=1, H=7, W=7, CI=512, FH=3, FW=3, CO=512, S=1, Padding SAME (1 1 1 1)

Stage: HE-CONV
  [time] TOTAL                       437.341 ms
  [io]   CONV sent                   0.654928 MiB
Time in sec for current conv = [0.49] sent [0.654928] MB

Stage: ReLU+Rq
Relu #89 on 25088 points, truncate=1 by 12 bits
Mill dotrunc 1 on 16 bits using b = 4
Mill dotrunc 1 on 16 bits using b = 4
Mill dotrunc 1 on 16 bits using b = 4
Mill dotrunc 1 on 16 bits using b = 4
Mill dotrunc 1 on 16 bits using b = 4
Mill dotrunc 1 on 16 bits using b = 4
Mill dotrunc 1 on 16 bits using b = 4
Mill dotrunc 1 on 16 bits using b = 4
Mill dotrunc 1 on 16 bits using b = 4
Mill dotrunc 1 on 16 bits using b = 4
Mill dotrunc 1 on 16 bits using b = 4
Mill dotrunc 1 on 16 bits using b = 4
Mill dotrunc 1 on 16 bits using b = 4
Mill dotrunc 1 on 16 bits using b = 4
Mill dotrunc 1 on 16 bits using b = 4
Mill dotrunc 1 on 16 bits using b = 4
Time in sec for current relu = 0.011
  [time] TOTAL                       12.7567 ms
HomConv #50 called N=1, H=7, W=7, CI=512, FH=1, FW=1, CO=2048, S=1, Padding VALID (0 0 0 0)

Stage: HE-CONV
  [time] TOTAL                       1099.69 ms
  [io]   CONV sent                   0.416847 MiB
Time in sec for current conv = [1.113] sent [0.416847] MB
Truncate #17 on 100352 points by 12 bits
HomBN #13 via element-wise mult on 100352 points

Stage: ReLU+Rq
Relu #91 on 100352 points, truncate=1 by 12 bits
Mill dotrunc 1 on 16 bits using b = 4
Mill dotrunc 1 on 16 bits using b = 4
Mill dotrunc 1 on 16 bits using b = 4
Mill dotrunc 1 on 16 bits using b = 4
Mill dotrunc 1 on 16 bits using b = 4
Mill dotrunc 1 on 16 bits using b = 4
Mill dotrunc 1 on 16 bits using b = 4
Mill dotrunc 1 on 16 bits using b = 4
Mill dotrunc 1 on 16 bits using b = 4
Mill dotrunc 1 on 16 bits using b = 4
Mill dotrunc 1 on 16 bits using b = 4
Mill dotrunc 1 on 16 bits using b = 4
Mill dotrunc 1 on 16 bits using b = 4
Mill dotrunc 1 on 16 bits using b = 4
Mill dotrunc 1 on 16 bits using b = 4
Mill dotrunc 1 on 16 bits using b = 4
Time in sec for current relu = 0.041
  [time] TOTAL                       44.405 ms
HomConv #51 called N=1, H=7, W=7, CI=2048, FH=1, FW=1, CO=512, S=1, Padding VALID (0 0 0 0)

Stage: HE-CONV
  [time] TOTAL                       615.096 ms
  [io]   CONV sent                   1.48834 MiB
Time in sec for current conv = [0.623] sent [1.48834] MB

Stage: ReLU+Rq
Relu #93 on 25088 points, truncate=1 by 12 bits
Mill dotrunc 1 on 16 bits using b = 4
Mill dotrunc 1 on 16 bits using b = 4
Mill dotrunc 1 on 16 bits using b = 4
Mill dotrunc 1 on 16 bits using b = 4
Mill dotrunc 1 on 16 bits using b = 4
Mill dotrunc 1 on 16 bits using b = 4
Mill dotrunc 1 on 16 bits using b = 4
Mill dotrunc 1 on 16 bits using b = 4
Mill dotrunc 1 on 16 bits using b = 4
Mill dotrunc 1 on 16 bits using b = 4
Mill dotrunc 1 on 16 bits using b = 4
Mill dotrunc 1 on 16 bits using b = 4
Mill dotrunc 1 on 16 bits using b = 4
Mill dotrunc 1 on 16 bits using b = 4
Mill dotrunc 1 on 16 bits using b = 4
Mill dotrunc 1 on 16 bits using b = 4
Time in sec for current relu = 0.011
  [time] TOTAL                       12.6748 ms
HomConv #52 called N=1, H=7, W=7, CI=512, FH=3, FW=3, CO=512, S=1, Padding SAME (1 1 1 1)

Stage: HE-CONV
  [time] TOTAL                       456.448 ms
  [io]   CONV sent                   0.654851 MiB
Time in sec for current conv = [0.484] sent [0.654851] MB

Stage: ReLU+Rq
Relu #95 on 25088 points, truncate=1 by 12 bits
Mill dotrunc 1 on 16 bits using b = 4
Mill dotrunc 1 on 16 bits using b = 4
Mill dotrunc 1 on 16 bits using b = 4
Mill dotrunc 1 on 16 bits using b = 4
Mill dotrunc 1 on 16 bits using b = 4
Mill dotrunc 1 on 16 bits using b = 4
Mill dotrunc 1 on 16 bits using b = 4
Mill dotrunc 1 on 16 bits using b = 4
Mill dotrunc 1 on 16 bits using b = 4
Mill dotrunc 1 on 16 bits using b = 4
Mill dotrunc 1 on 16 bits using b = 4
Mill dotrunc 1 on 16 bits using b = 4
Mill dotrunc 1 on 16 bits using b = 4
Mill dotrunc 1 on 16 bits using b = 4
Mill dotrunc 1 on 16 bits using b = 4
Mill dotrunc 1 on 16 bits using b = 4
Time in sec for current relu = 0.011
  [time] TOTAL                       13.0446 ms
HomConv #53 called N=1, H=7, W=7, CI=512, FH=1, FW=1, CO=2048, S=1, Padding VALID (0 0 0 0)

Stage: HE-CONV
  [time] TOTAL                       1052.62 ms
  [io]   CONV sent                   0.41672 MiB
Time in sec for current conv = [1.065] sent [0.41672] MB
Truncate #18 on 100352 points by 12 bits
HomBN #14 via element-wise mult on 100352 points

Stage: ReLU+Rq
Relu #97 on 100352 points, truncate=1 by 12 bits
Mill dotrunc 1 on 16 bits using b = 4
Mill dotrunc 1 on 16 bits using b = 4
Mill dotrunc 1 on 16 bits using b = 4
Mill dotrunc 1 on 16 bits using b = 4
Mill dotrunc 1 on 16 bits using b = 4
Mill dotrunc 1 on 16 bits using b = 4
Mill dotrunc 1 on 16 bits using b = 4
Mill dotrunc 1 on 16 bits using b = 4
Mill dotrunc 1 on 16 bits using b = 4
Mill dotrunc 1 on 16 bits using b = 4
Mill dotrunc 1 on 16 bits using b = 4
Mill dotrunc 1 on 16 bits using b = 4
Mill dotrunc 1 on 16 bits using b = 4
Mill dotrunc 1 on 16 bits using b = 4
Mill dotrunc 1 on 16 bits using b = 4
Mill dotrunc 1 on 16 bits using b = 4
Time in sec for current relu = 0.041
  [time] TOTAL                       44.289 ms
AvgPool 1 called N=1, H=1, W=1, C=2048, ksizeH=7, ksizeW=7
Time in sec for current avgpool = 0.027
Time in sec for current matmul = 0.083
ArgMax 1 called, s1=1, s2=1001
Thread i = 0, total data sent till now = 384680625
Thread i = 1, total data sent till now = 21279099
Thread i = 2, total data sent till now = 8076832
Thread i = 3, total data sent till now = 21279099
Thread i = 4, total data sent till now = 8076832
Thread i = 5, total data sent till now = 21279099
Thread i = 6, total data sent till now = 8076832
Thread i = 7, total data sent till now = 21279099
Thread i = 8, total data sent till now = 8076832
Thread i = 9, total data sent till now = 21279099
Thread i = 10, total data sent till now = 8076832
Thread i = 11, total data sent till now = 21279099
Thread i = 12, total data sent till now = 8076832
Thread i = 13, total data sent till now = 21279099
Thread i = 14, total data sent till now = 8076832
Thread i = 15, total data sent till now = 21279099
------------------------------------------------------
------------------------------------------------------
------------------------------------------------------
Total time taken = 42993 milliseconds.
Total data sent = 556.526 MiB.
Number of rounds = 1040
Total comm (sent+received) = (see SERVER OUTPUT)
------------------------------------------------------
Total time in Conv = 31.236 seconds.
Total time in MatMul = 0.083 seconds.
Total time in BatchNorm = 3.75 seconds.
Total time in Truncation = 0.29 seconds.
Total time in Relu = 6.151 seconds.
Total time in MaxPool = 1.183 seconds.
Total time in AvgPool = 0.027 seconds.
Total time in ArgMax = 0.016 seconds.
Total time in MatAdd = 0 seconds.
Total time in MatAddBroadCast = 0 seconds.
Total time in MulCir = 0 seconds.
Total time in ScalarMul = 0 seconds.
Total time in Sigmoid = 0 seconds.
Total time in Tanh = 0 seconds.
Total time in Sqrt = 0 seconds.
Total time in NormaliseL2 = 0 seconds.
------------------------------------------------------
Conv data sent = 167.762 MiB.
MatMul data sent = 1.19059 MiB.
BatchNorm data sent = 189.907 MiB.
Truncation data sent = 17.6915 MiB.
Relu data sent = 134.212 MiB.
Maxpool data sent = 43.4541 MiB.
Avgpool data sent = 2.26969 MiB.
ArgMax data sent = 0.0393038 MiB.
MatAdd data sent = 0 MiB.
MatAddBroadCast data sent = 0 MiB.
MulCir data sent = 0 MiB.
Sigmoid data sent = 0 MiB.
Tanh data sent = 0 MiB.
Sqrt data sent = 0 MiB.
NormaliseL2 data sent = 0 MiB.
------------------------------------------------------
Total #Ferret's RCOT 121142528
Total #Elementwise Mul 5820416
------------------------------------------------------
top-10 values from ResNet50
[13.2308265,11.8615295,10.9243274,10.5309831,9.9820472,9.4726372,8.9458426,8.4108464,7.8207329,7.5524262,]
predicted label=249
